CRITICAL - 2023-03-13 18:11:50 --> The framework needs the following extension(s) installed and loaded: intl.
in SYSTEMPATH\CodeIgniter.php on line 226.
 1 SYSTEMPATH\CodeIgniter.php(226): CodeIgniter\Exceptions\FrameworkException::forMissingExtension('intl')
 2 SYSTEMPATH\CodeIgniter.php(190): CodeIgniter\CodeIgniter->resolvePlatformExtensions()
 3 FCPATH\index.php(55): CodeIgniter\CodeIgniter->initialize()
CRITICAL - 2023-03-13 17:13:22 --> The framework needs the following extension(s) installed and loaded: intl, mbstring.
in SYSTEMPATH\CodeIgniter.php on line 226.
 1 SYSTEMPATH\CodeIgniter.php(226): CodeIgniter\Exceptions\FrameworkException::forMissingExtension('intl, mbstring')
 2 SYSTEMPATH\CodeIgniter.php(190): CodeIgniter\CodeIgniter->resolvePlatformExtensions()
 3 ROOTPATH\spark(83): CodeIgniter\CodeIgniter->initialize()
CRITICAL - 2023-03-13 17:13:22 --> Uncaught Error: Call to undefined function CodeIgniter\CLI\mb_strpos() in D:\xampp\htdocs\LostFlix\system\CLI\CLI.php:872
Stack trace:
#0 D:\xampp\htdocs\LostFlix\system\CLI\CLI.php(161): CodeIgniter\CLI\CLI::parseCommandLine()
#1 D:\xampp\htdocs\LostFlix\system\CLI\CLI.php(1115): CodeIgniter\CLI\CLI::init()
#2 D:\xampp\htdocs\LostFlix\system\Autoloader\Autoloader.php(312): include_once('D:\\xampp\\htdocs...')
#3 D:\xampp\htdocs\LostFlix\system\Autoloader\Autoloader.php(289): CodeIgniter\Autoloader\Autoloader->includeFile('D:\\xampp\\htdocs...')
#4 D:\xampp\htdocs\LostFlix\system\Autoloader\Autoloader.php(267): CodeIgniter\Autoloader\Autoloader->loadInNamespace('CodeIgniter\\CLI...')
#5 D:\xampp\htdocs\LostFlix\app\Views\errors\cli\error_exception.php(6): CodeIgniter\Autoloader\Autoloader->loadClass('CodeIgniter\\CLI...')
#6 D:\xampp\htdocs\LostFlix\app\Views\errors\cli\production.php(5): include('D:\\xampp\\htdocs...')
#7 D:\xampp\htdocs\LostFlix\system\Debug\Exceptions.php(277): include('D:\\xampp\\htdocs...')
#8 D:\xampp\htdocs\LostFlix\system\Debug\Exceptions.php(280): CodeIgniter\Debug\Exceptions->CodeIgniter\Debug\{closure}()
#9 D:\xampp\htdocs\LostFlix\system\Debug\Exceptions.php(151): CodeIgniter\Debug\Exceptions->render(Object(CodeIgniter\Exceptions\FrameworkException), 500)
#10 [internal function]: CodeIgniter\Debug\Exceptions->exceptionHandler(Object(CodeIgniter\Exceptions\FrameworkException))
#11 {main}
  thrown
【Previous Exception】
CodeIgniter\Exceptions\FrameworkException
The framework needs the following extension(s) installed and loaded: intl, mbstring.
#0 D:\xampp\htdocs\LostFlix\system\CodeIgniter.php(226): CodeIgniter\Exceptions\FrameworkException::forMissingExtension('intl, mbstring')
#1 D:\xampp\htdocs\LostFlix\system\CodeIgniter.php(190): CodeIgniter\CodeIgniter->resolvePlatformExtensions()
#2 D:\xampp\htdocs\LostFlix\spark(83): CodeIgniter\CodeIgniter->initialize()
#3 {main}
in SYSTEMPATH\CLI\CLI.php on line 872.
 1 [internal function]: CodeIgniter\Debug\Exceptions->shutdownHandler()
CRITICAL - 2023-03-13 18:23:28 --> The framework needs the following extension(s) installed and loaded: intl.
in SYSTEMPATH\CodeIgniter.php on line 226.
 1 SYSTEMPATH\CodeIgniter.php(226): CodeIgniter\Exceptions\FrameworkException::forMissingExtension('intl')
 2 SYSTEMPATH\CodeIgniter.php(190): CodeIgniter\CodeIgniter->resolvePlatformExtensions()
 3 FCPATH\index.php(55): CodeIgniter\CodeIgniter->initialize()
